
Analysis Description
--------------------
Perform a Fast Unbiased AppRoximate Bayesian (FUBAR) analysis of a
coding sequence alignment to determine whether some sites have been
subject to pervasive purifying or diversifying selection. v2.1
introduces two more methods for estimating the posterior distribution of
grid weights: collapsed Gibbs MCMC (faster) and 0-th order Variation
Bayes approximation (fastest). Please note that a FUBAR analysis
generates a cache and a results JSON file in the same directory as
directory as the original alignment. HyPhy needs to have write
privileges to this directory. For example if the original file is in
/home/sergei/FUBAR/data/pol.nex then at the end of a FUBAR run, there
will also exist FUBAR-generated files
/home/sergei/FUBAR/data/pol.nex.FUBAR.json,
/home/sergei/FUBAR/data/pol.nex.fubrar.cache. They also provide
checkpointing so that a partially completed analysis can be restarted.

- __Requirements__: in-frame codon alignment (possibly partitioned) and a phylogenetic tree
(one per partition)

- __Citation__: FUBAR: a fast, unconstrained bayesian approximation for inferring
selection (2013), Mol Biol Evol. 30(5):1196-205

- __Written by__: Sergei L Kosakovsky Pond

- __Contact Information__: spond@temple.edu

- __Analysis Version__: 2.2


>code => Universal

-------
>[WARNING]
'/Users/IsaacOmara/Desktop/ILRI/projects/mutation-profiles/results/RVFV-L-Human/fb/9dd9d405a0ce29f6d1b6e567bb7aae/riftL_Human_filtered.fasta'
contains 13 duplicate sequences. Identical sequences do not contribute
any information to the analysis and only slow down computation. Please
consider removing duplicate or 'nearly' duplicate sequences, e.g. using
https://github.com/veg/hyphy-analyses/tree/master/remove-duplicates
prior to running selection analyses
-------
/Users/IsaacOmara/Desktop/ILRI/projects/mutation-profiles/results/RVFV-L-Human/fb/9dd9d405a0ce29f6d1b6e567bb7aae/riftL_Human.treefile
riftL_Human.treefile

>Loaded a multiple sequence alignment with **106** sequences, **2092** codons, and **1** partitions from `/Users/IsaacOmara/Desktop/ILRI/projects/mutation-profiles/results/RVFV-L-Human/fb/9dd9d405a0ce29f6d1b6e567bb7aae/riftL_Human_filtered.fasta`
Save FUBAR cache to : 
>cache => /Users/IsaacOmara/Desktop/ILRI/projects/mutation-profiles/results/RVFV-L-Human/fb/9dd9d405a0ce29f6d1b6e567bb7aae/riftL_Human_filtered.fasta.FUBAR.cache
> FUBAR will write cache and result files to _/Users/IsaacOmara/Desktop/ILRI/projects/mutation-profiles/results/RVFV-L-Human/fb/9dd9d405a0ce29f6d1b6e567bb7aae/riftL_Human_filtered.fasta.FUBAR.cache_ and _/Users/IsaacOmara/Desktop/ILRI/projects/mutation-profiles/results/RVFV-L-Human/fb/9dd9d405a0ce29f6d1b6e567bb7aae/riftL_Human_filtered.fasta.FUBAR.json_, respectively 


> Number of grid points per dimension (total number is D^2) (permissible range = [5,50], default value = 20, integer): 
>grid => 20

>method => Variational-Bayes
> The concentration parameter of the Dirichlet prior (permissible range = [0.001,1], default value = 0.5): 
>concentration_parameter => 0.5

>non-zero => No


### Obtaining branch lengths and nucleotide substitution biases under the nucleotide GTR model

>kill-zero-lengths => Yes

### Deleted 68 zero-length internal branches: `Node10, Node102, Node103, Node105, Node106, Node11, Node113, Node118, Node12, Node121, Node122, Node123, Node129, Node13, Node131, Node134, Node137, Node138, Node139, Node141, Node142, Node143, Node146, Node147, Node15, Node154, Node157, Node158, Node159, Node16, Node161, Node164, Node169, Node172, Node176, Node177, Node179, Node194, Node195, Node24, Node25, Node26, Node29, Node31, Node34, Node46, Node47, Node48, Node50, Node51, Node52, Node53, Node54, Node58, Node59, Node63, Node67, Node7, Node70, Node72, Node76, Node77, Node8, Node80, Node82, Node89, Node9, Node90`
* Log(L) = -15915.54, AIC-c = 32265.21 (217 estimated parameters)
* 1 partition. Total tree length by partition (subs/site)  0.184
* Tree length (expected substitutions/site) for partition 1 :    0.184

### Computing the phylogenetic likelihood function on the grid 
* Determining appropriate tree scaling based on the best score from a  20 x 20 rate grid
* Best scaling achieved for 
	* synonymous rate =  2.815
	* non-synonymous rate =  0.143
* Computing conditional site likelihoods on a 20 x 20 rate grid

### Running an iterative zeroth order variational Bayes procedure to estimate the posterior mean of rate weights
* Using the following settings
	* Dirichlet alpha  : 0.5

### Tabulating site-level results
|     Codon      |   Partition    |     alpha      |      beta      |Posterior prob for positive selection|
|:--------------:|:--------------:|:--------------:|:--------------:|:-----------------------------------:|
|      277       |       1        |        0.793   |       14.657   |       Pos. posterior = 0.9834       |
|      278       |       1        |        0.828   |        9.771   |       Pos. posterior = 0.9405       |
----
## FUBAR inferred 2 sites subject to diversifying positive selection at posterior probability >= 0.9
Of these,  0.08 are expected to be false positives (95% confidence interval of 0-1 )
