
Analysis Description
--------------------
Perform a Fast Unbiased AppRoximate Bayesian (FUBAR) analysis of a
coding sequence alignment to determine whether some sites have been
subject to pervasive purifying or diversifying selection. v2.1
introduces two more methods for estimating the posterior distribution of
grid weights: collapsed Gibbs MCMC (faster) and 0-th order Variation
Bayes approximation (fastest). Please note that a FUBAR analysis
generates a cache and a results JSON file in the same directory as
directory as the original alignment. HyPhy needs to have write
privileges to this directory. For example if the original file is in
/home/sergei/FUBAR/data/pol.nex then at the end of a FUBAR run, there
will also exist FUBAR-generated files
/home/sergei/FUBAR/data/pol.nex.FUBAR.json,
/home/sergei/FUBAR/data/pol.nex.fubrar.cache. They also provide
checkpointing so that a partially completed analysis can be restarted.

- __Requirements__: in-frame codon alignment (possibly partitioned) and a phylogenetic tree
(one per partition)

- __Citation__: FUBAR: a fast, unconstrained bayesian approximation for inferring
selection (2013), Mol Biol Evol. 30(5):1196-205

- __Written by__: Sergei L Kosakovsky Pond

- __Contact Information__: spond@temple.edu

- __Analysis Version__: 2.2


>code => Universal

-------
>[WARNING]
'/Users/IsaacOmara/Desktop/ILRI/projects/mutation-profiles/results/RVFV-S-NSS-human/97/a427b6eb431b61141d929d59d7e3a7/riftS_NSS_filtered.fasta'
contains 88 duplicate sequences. Identical sequences do not contribute
any information to the analysis and only slow down computation. Please
consider removing duplicate or 'nearly' duplicate sequences, e.g. using
https://github.com/veg/hyphy-analyses/tree/master/remove-duplicates
prior to running selection analyses
-------
/Users/IsaacOmara/Desktop/ILRI/projects/mutation-profiles/results/RVFV-S-NSS-human/97/a427b6eb431b61141d929d59d7e3a7/riftS_NSS.treefile
riftS_NSS.treefile

>Loaded a multiple sequence alignment with **136** sequences, **265** codons, and **1** partitions from `/Users/IsaacOmara/Desktop/ILRI/projects/mutation-profiles/results/RVFV-S-NSS-human/97/a427b6eb431b61141d929d59d7e3a7/riftS_NSS_filtered.fasta`
Save FUBAR cache to : 
>cache => /Users/IsaacOmara/Desktop/ILRI/projects/mutation-profiles/results/RVFV-S-NSS-human/97/a427b6eb431b61141d929d59d7e3a7/riftS_NSS_filtered.fasta.FUBAR.cache
> FUBAR will write cache and result files to _/Users/IsaacOmara/Desktop/ILRI/projects/mutation-profiles/results/RVFV-S-NSS-human/97/a427b6eb431b61141d929d59d7e3a7/riftS_NSS_filtered.fasta.FUBAR.cache_ and _/Users/IsaacOmara/Desktop/ILRI/projects/mutation-profiles/results/RVFV-S-NSS-human/97/a427b6eb431b61141d929d59d7e3a7/riftS_NSS_filtered.fasta.FUBAR.json_, respectively 


> Number of grid points per dimension (total number is D^2) (permissible range = [5,50], default value = 20, integer): 
>grid => 20

>method => Variational-Bayes
> The concentration parameter of the Dirichlet prior (permissible range = [0.001,1], default value = 0.5): 
>concentration_parameter => 0.5

>non-zero => No


### Obtaining branch lengths and nucleotide substitution biases under the nucleotide GTR model

>kill-zero-lengths => Yes

### Deleted 106 zero-length internal branches: `Node101, Node102, Node104, Node105, Node106, Node113, Node116, Node119, Node120, Node121, Node126, Node130, Node131, Node132, Node133, Node134, Node135, Node136, Node137, Node138, Node139, Node140, Node141, Node142, Node143, Node144, Node145, Node146, Node147, Node148, Node149, Node15, Node150, Node151, Node152, Node153, Node154, Node155, Node156, Node157, Node158, Node159, Node16, Node160, Node161, Node162, Node163, Node164, Node165, Node166, Node167, Node168, Node169, Node170, Node171, Node172, Node173, Node174, Node175, Node176, Node177, Node178, Node179, Node180, Node181, Node182, Node183, Node184, Node185, Node186, Node187, Node188, Node189, Node19, Node190, Node2, Node23, Node252, Node254, Node257, Node27, Node28, Node29, Node3, Node30, Node31, Node32, Node33, Node34, Node4, Node42, Node5, Node60, Node64, Node73, Node80, Node83, Node84, Node85, Node86, Node87, Node88, Node89, Node91, Node92, Node93`
* Log(L) = -2190.46, AIC-c =  4936.35 (277 estimated parameters)
* 1 partition. Total tree length by partition (subs/site)  0.213
* Tree length (expected substitutions/site) for partition 1 :    0.213

### Computing the phylogenetic likelihood function on the grid 
* Determining appropriate tree scaling based on the best score from a  20 x 20 rate grid
* Best scaling achieved for 
	* synonymous rate =  2.815
	* non-synonymous rate =  0.357
* Computing conditional site likelihoods on a 20 x 20 rate grid

### Running an iterative zeroth order variational Bayes procedure to estimate the posterior mean of rate weights
* Using the following settings
	* Dirichlet alpha  : 0.5

### Tabulating site-level results
|     Codon      |   Partition    |     alpha      |      beta      |Posterior prob for positive selection|
|:--------------:|:--------------:|:--------------:|:--------------:|:-----------------------------------:|
|      133       |       1        |        0.736   |        4.657   |       Pos. posterior = 0.9038       |
----
## FUBAR inferred 1 sites subject to diversifying positive selection at posterior probability >= 0.9
Of these,  0.10 are expected to be false positives (95% confidence interval of 0-1 )
